<?xml version="1.0" encoding="UTF-8"?>
<!-- Generated by org.testng.reporters.JUnitXMLReporter -->
<testsuite ignored="0" hostname="USHYDSPUDHARI5" failures="0" tests="4" name="Default test" time="107.386" errors="0" timestamp="2021-06-29T18:54:21 IST">
  <testcase classname="com.qa.testpages.AccountPageTest" name="setup" time="6.241"/>
  <testcase classname="com.qa.testpages.AccountPageTest" name="LoginMethod" time="20.235"/>
  <testcase classname="com.qa.testpages.AccountPageTest" name="ValidatePageTitle" time="9.01"/>
  <testcase classname="com.qa.testpages.AccountPageTest" name="AccountSearch" time="71.862"/>
</testsuite> <!-- Default test -->
