<?xml version="1.0" encoding="UTF-8"?>
<!-- Generated by org.testng.reporters.JUnitXMLReporter -->
<testsuite ignored="0" hostname="USHYDSPUDHARI5" failures="0" tests="5" name="RO Account Creation" time="131.04" errors="0" timestamp="2021-04-24T00:46:23 IST">
  <testcase classname="com.qa.testpages.AccountPageTest" name="setup" time="7.553"/>
  <testcase classname="com.qa.testpages.AccountPageTest" name="LoginMethod" time="40.689"/>
  <testcase classname="com.qa.testpages.AccountPageTest" name="ValidatePageTitle" time="9.015"/>
  <testcase classname="com.qa.testpages.AccountPageTest" name="AccountSearch" time="14.276"/>
  <testcase classname="com.qa.testpages.AccountPageTest" name="AccountCreation" time="59.431"/>
</testsuite> <!-- RO Account Creation -->
