<?xml version="1.0" encoding="UTF-8"?>
<testng-results ignored="0" total="4" passed="4" failed="0" skipped="0">
  <reporter-output>
  </reporter-output>
  <suite started-at="2021-06-29T18:52:34 IST" name="Default suite" finished-at="2021-06-29T18:54:21 IST" duration-ms="107386">
    <groups>
    </groups>
    <test started-at="2021-06-29T18:52:34 IST" name="Default test" finished-at="2021-06-29T18:54:21 IST" duration-ms="107386">
      <class name="com.qa.testpages.AccountPageTest">
        <test-method signature="setup()[pri:0, instance:com.qa.testpages.AccountPageTest@2f8dad04]" started-at="2021-06-29T18:52:34 IST" name="setup" finished-at="2021-06-29T18:52:40 IST" duration-ms="6241" status="PASS">
          <reporter-output>
          </reporter-output>
        </test-method> <!-- setup -->
        <test-method signature="LoginMethod()[pri:1, instance:com.qa.testpages.AccountPageTest@2f8dad04]" started-at="2021-06-29T18:52:40 IST" name="LoginMethod" finished-at="2021-06-29T18:53:01 IST" duration-ms="20235" status="PASS">
          <reporter-output>
          </reporter-output>
        </test-method> <!-- LoginMethod -->
        <test-method signature="ValidatePageTitle()[pri:2, instance:com.qa.testpages.AccountPageTest@2f8dad04]" started-at="2021-06-29T18:53:01 IST" name="ValidatePageTitle" finished-at="2021-06-29T18:53:10 IST" duration-ms="9010" status="PASS">
          <reporter-output>
          </reporter-output>
        </test-method> <!-- ValidatePageTitle -->
        <test-method signature="AccountSearch()[pri:3, instance:com.qa.testpages.AccountPageTest@2f8dad04]" started-at="2021-06-29T18:53:10 IST" name="AccountSearch" finished-at="2021-06-29T18:54:21 IST" duration-ms="71862" status="PASS">
          <reporter-output>
          </reporter-output>
        </test-method> <!-- AccountSearch -->
      </class> <!-- com.qa.testpages.AccountPageTest -->
    </test> <!-- Default test -->
  </suite> <!-- Default suite -->
</testng-results>
